Feature selecionada: ESL Solution
Feature selecionada: ESL Installation Device
Feature selecionada: Mobile App Functionalities
Feature selecionada: InstallationUnistallation
Feature selecionada: Viewing Product Information
Feature selecionada: Commission Decommission
Feature selecionada: Device Type
Feature selecionada: Mobile Phone
Feature selecionada: Platform Type
Feature selecionada: iOS
Feature selecionada: Android
Feature selecionada: Authenticating Mobile User
Feature selecionada: Biometric
Feature selecionada: Two Factors
Feature selecionada: ESL
Feature selecionada: Connective
Feature selecionada: ScreenType
Feature selecionada: LCD
Gerando classe padrão para: ESL Solution
Gerando classe padrão para: ESL Installation Device
Gerando classe padrão para: Mobile App Functionalities
Gerando classe padrão para: InstallationUnistallation
Gerando classe padrão para: Viewing Product Information
Gerando classe padrão para: Commission Decommission
Gerando classe padrão para: Device Type
Gerando classe padrão para: Mobile Phone
Gerando classe padrão para: Platform Type
Gerando classe padrão para: iOS
Gerando classe padrão para: Android
Gerando classe padrão para: Authenticating Mobile User
Gerando classe padrão para: Biometric
Gerando classe padrão para: Two Factors
Gerando classe padrão para: ESL
Gerando classe padrão para: Connective
Usando template customizado para: ScreenType
Usando template customizado para: LCD
