Feature selecionada: ESL Solution
Feature selecionada: Web Application
Feature selecionada: ESL Installation Device
Feature selecionada: Mobile App Functionalities
Feature selecionada: InstallationUnistallation
Feature selecionada: Displaying ESL Information
Feature selecionada: ESL
Feature selecionada: Power Source
Feature selecionada: ScreenType
Feature selecionada: LCD
Gerando classe padrão para: ESL Solution
Gerando classe padrão para: Web Application
Gerando classe padrão para: ESL Installation Device
Gerando classe padrão para: Mobile App Functionalities
Gerando classe padrão para: InstallationUnistallation
Gerando classe padrão para: Displaying ESL Information
Gerando classe padrão para: ESL
Gerando classe padrão para: Power Source
Usando template customizado para: ScreenType
Usando template customizado para: LCD
